main INFO  Gui.GuiDriver - Application started
JavaFX Application Thread DEBUG Gui.GuiDriver - Load FXML file: /fxml/Menu.fxml
JavaFX Application Thread INFO  Gui.GuiDriver - Scene created: Menu
JavaFX Application Thread DEBUG Gui.GuiDriver - Load FXML file: /fxml/ShipPlacement.fxml
JavaFX Application Thread DEBUG Gui.ShipPlacementController - Thread "shipListCreator" created.
JavaFX Application Thread DEBUG Gui.ShipPlacementController - Thread "shipListAICreator" created.
Thread-3 DEBUG Threads.ShipListCreator - Thread for creation of shipList started
Thread-4 DEBUG Threads.ShipListAICreator - Thread for creation of shipListAI started
Thread-4 DEBUG Threads.ShipListAICreator - Assigned value of "shipListAI" to copy in "ShipPlacementController"
Thread-3 DEBUG Threads.ShipListCreator - Assigned value of "shipList" to copy in "ShipPlacementController"
Thread-3 DEBUG Threads.ShipListCreator - Thread for creation of shipList finished
Thread-4 DEBUG Threads.ShipListAICreator - Thread for creation of shipListAI finished
JavaFX Application Thread TRACE Gui.ShipPlacementController - Label[id=coordinates, styleClass=label]'1' added to "playerGrid"
JavaFX Application Thread TRACE Gui.ShipPlacementController - Label[id=coordinates, styleClass=label]'2' added to "playerGrid"
JavaFX Application Thread TRACE Gui.ShipPlacementController - Label[id=coordinates, styleClass=label]'3' added to "playerGrid"
JavaFX Application Thread TRACE Gui.ShipPlacementController - Label[id=coordinates, styleClass=label]'4' added to "playerGrid"
JavaFX Application Thread TRACE Gui.ShipPlacementController - Label[id=coordinates, styleClass=label]'5' added to "playerGrid"
JavaFX Application Thread TRACE Gui.ShipPlacementController - Label[id=coordinates, styleClass=label]'6' added to "playerGrid"
JavaFX Application Thread TRACE Gui.ShipPlacementController - Label[id=coordinates, styleClass=label]'7' added to "playerGrid"
JavaFX Application Thread TRACE Gui.ShipPlacementController - Label[id=coordinates, styleClass=label]'8' added to "playerGrid"
JavaFX Application Thread TRACE Gui.ShipPlacementController - Label[id=coordinates, styleClass=label]'9' added to "playerGrid"
JavaFX Application Thread TRACE Gui.ShipPlacementController - Label[id=coordinates, styleClass=label]'1' added to "playerGrid"
JavaFX Application Thread TRACE Gui.ShipPlacementController - Label[id=coordinates, styleClass=label]'2' added to "playerGrid"
JavaFX Application Thread TRACE Gui.ShipPlacementController - Label[id=coordinates, styleClass=label]'3' added to "playerGrid"
JavaFX Application Thread TRACE Gui.ShipPlacementController - Label[id=coordinates, styleClass=label]'4' added to "playerGrid"
JavaFX Application Thread TRACE Gui.ShipPlacementController - Label[id=coordinates, styleClass=label]'5' added to "playerGrid"
JavaFX Application Thread TRACE Gui.ShipPlacementController - Label[id=coordinates, styleClass=label]'6' added to "playerGrid"
JavaFX Application Thread TRACE Gui.ShipPlacementController - Label[id=coordinates, styleClass=label]'7' added to "playerGrid"
JavaFX Application Thread TRACE Gui.ShipPlacementController - Label[id=coordinates, styleClass=label]'8' added to "playerGrid"
JavaFX Application Thread TRACE Gui.ShipPlacementController - Label[id=coordinates, styleClass=label]'9' added to "playerGrid"
JavaFX Application Thread TRACE Gui.ShipPlacementController - Button[id=1,1, styleClass=button waterButton]'' added to "playerGrid"
JavaFX Application Thread TRACE Gui.ShipPlacementController - Button[id=1,2, styleClass=button waterButton]'' added to "playerGrid"
JavaFX Application Thread TRACE Gui.ShipPlacementController - Button[id=1,3, styleClass=button waterButton]'' added to "playerGrid"
JavaFX Application Thread TRACE Gui.ShipPlacementController - Button[id=1,4, styleClass=button waterButton]'' added to "playerGrid"
JavaFX Application Thread TRACE Gui.ShipPlacementController - Button[id=1,5, styleClass=button waterButton]'' added to "playerGrid"
JavaFX Application Thread TRACE Gui.ShipPlacementController - Button[id=1,6, styleClass=button waterButton]'' added to "playerGrid"
JavaFX Application Thread TRACE Gui.ShipPlacementController - Button[id=1,7, styleClass=button waterButton]'' added to "playerGrid"
JavaFX Application Thread TRACE Gui.ShipPlacementController - Button[id=1,8, styleClass=button waterButton]'' added to "playerGrid"
JavaFX Application Thread TRACE Gui.ShipPlacementController - Button[id=1,9, styleClass=button waterButton]'' added to "playerGrid"
JavaFX Application Thread TRACE Gui.ShipPlacementController - Button[id=2,1, styleClass=button waterButton]'' added to "playerGrid"
JavaFX Application Thread TRACE Gui.ShipPlacementController - Button[id=2,2, styleClass=button waterButton]'' added to "playerGrid"
JavaFX Application Thread TRACE Gui.ShipPlacementController - Button[id=2,3, styleClass=button waterButton]'' added to "playerGrid"
JavaFX Application Thread TRACE Gui.ShipPlacementController - Button[id=2,4, styleClass=button waterButton]'' added to "playerGrid"
JavaFX Application Thread TRACE Gui.ShipPlacementController - Button[id=2,5, styleClass=button waterButton]'' added to "playerGrid"
JavaFX Application Thread TRACE Gui.ShipPlacementController - Button[id=2,6, styleClass=button waterButton]'' added to "playerGrid"
JavaFX Application Thread TRACE Gui.ShipPlacementController - Button[id=2,7, styleClass=button waterButton]'' added to "playerGrid"
JavaFX Application Thread TRACE Gui.ShipPlacementController - Button[id=2,8, styleClass=button waterButton]'' added to "playerGrid"
JavaFX Application Thread TRACE Gui.ShipPlacementController - Button[id=2,9, styleClass=button waterButton]'' added to "playerGrid"
JavaFX Application Thread TRACE Gui.ShipPlacementController - Button[id=3,1, styleClass=button waterButton]'' added to "playerGrid"
JavaFX Application Thread TRACE Gui.ShipPlacementController - Button[id=3,2, styleClass=button waterButton]'' added to "playerGrid"
JavaFX Application Thread TRACE Gui.ShipPlacementController - Button[id=3,3, styleClass=button waterButton]'' added to "playerGrid"
JavaFX Application Thread TRACE Gui.ShipPlacementController - Button[id=3,4, styleClass=button waterButton]'' added to "playerGrid"
JavaFX Application Thread TRACE Gui.ShipPlacementController - Button[id=3,5, styleClass=button waterButton]'' added to "playerGrid"
JavaFX Application Thread TRACE Gui.ShipPlacementController - Button[id=3,6, styleClass=button waterButton]'' added to "playerGrid"
JavaFX Application Thread TRACE Gui.ShipPlacementController - Button[id=3,7, styleClass=button waterButton]'' added to "playerGrid"
JavaFX Application Thread TRACE Gui.ShipPlacementController - Button[id=3,8, styleClass=button waterButton]'' added to "playerGrid"
JavaFX Application Thread TRACE Gui.ShipPlacementController - Button[id=3,9, styleClass=button waterButton]'' added to "playerGrid"
JavaFX Application Thread TRACE Gui.ShipPlacementController - Button[id=4,1, styleClass=button waterButton]'' added to "playerGrid"
JavaFX Application Thread TRACE Gui.ShipPlacementController - Button[id=4,2, styleClass=button waterButton]'' added to "playerGrid"
JavaFX Application Thread TRACE Gui.ShipPlacementController - Button[id=4,3, styleClass=button waterButton]'' added to "playerGrid"
JavaFX Application Thread TRACE Gui.ShipPlacementController - Button[id=4,4, styleClass=button waterButton]'' added to "playerGrid"
JavaFX Application Thread TRACE Gui.ShipPlacementController - Button[id=4,5, styleClass=button waterButton]'' added to "playerGrid"
JavaFX Application Thread TRACE Gui.ShipPlacementController - Button[id=4,6, styleClass=button waterButton]'' added to "playerGrid"
JavaFX Application Thread TRACE Gui.ShipPlacementController - Button[id=4,7, styleClass=button waterButton]'' added to "playerGrid"
JavaFX Application Thread TRACE Gui.ShipPlacementController - Button[id=4,8, styleClass=button waterButton]'' added to "playerGrid"
JavaFX Application Thread TRACE Gui.ShipPlacementController - Button[id=4,9, styleClass=button waterButton]'' added to "playerGrid"
JavaFX Application Thread TRACE Gui.ShipPlacementController - Button[id=5,1, styleClass=button waterButton]'' added to "playerGrid"
JavaFX Application Thread TRACE Gui.ShipPlacementController - Button[id=5,2, styleClass=button waterButton]'' added to "playerGrid"
JavaFX Application Thread TRACE Gui.ShipPlacementController - Button[id=5,3, styleClass=button waterButton]'' added to "playerGrid"
JavaFX Application Thread TRACE Gui.ShipPlacementController - Button[id=5,4, styleClass=button waterButton]'' added to "playerGrid"
JavaFX Application Thread TRACE Gui.ShipPlacementController - Button[id=5,5, styleClass=button waterButton]'' added to "playerGrid"
JavaFX Application Thread TRACE Gui.ShipPlacementController - Button[id=5,6, styleClass=button waterButton]'' added to "playerGrid"
JavaFX Application Thread TRACE Gui.ShipPlacementController - Button[id=5,7, styleClass=button waterButton]'' added to "playerGrid"
JavaFX Application Thread TRACE Gui.ShipPlacementController - Button[id=5,8, styleClass=button waterButton]'' added to "playerGrid"
JavaFX Application Thread TRACE Gui.ShipPlacementController - Button[id=5,9, styleClass=button waterButton]'' added to "playerGrid"
JavaFX Application Thread TRACE Gui.ShipPlacementController - Button[id=6,1, styleClass=button waterButton]'' added to "playerGrid"
JavaFX Application Thread TRACE Gui.ShipPlacementController - Button[id=6,2, styleClass=button waterButton]'' added to "playerGrid"
JavaFX Application Thread TRACE Gui.ShipPlacementController - Button[id=6,3, styleClass=button waterButton]'' added to "playerGrid"
JavaFX Application Thread TRACE Gui.ShipPlacementController - Button[id=6,4, styleClass=button waterButton]'' added to "playerGrid"
JavaFX Application Thread TRACE Gui.ShipPlacementController - Button[id=6,5, styleClass=button waterButton]'' added to "playerGrid"
JavaFX Application Thread TRACE Gui.ShipPlacementController - Button[id=6,6, styleClass=button waterButton]'' added to "playerGrid"
JavaFX Application Thread TRACE Gui.ShipPlacementController - Button[id=6,7, styleClass=button waterButton]'' added to "playerGrid"
JavaFX Application Thread TRACE Gui.ShipPlacementController - Button[id=6,8, styleClass=button waterButton]'' added to "playerGrid"
JavaFX Application Thread TRACE Gui.ShipPlacementController - Button[id=6,9, styleClass=button waterButton]'' added to "playerGrid"
JavaFX Application Thread TRACE Gui.ShipPlacementController - Button[id=7,1, styleClass=button waterButton]'' added to "playerGrid"
JavaFX Application Thread TRACE Gui.ShipPlacementController - Button[id=7,2, styleClass=button waterButton]'' added to "playerGrid"
JavaFX Application Thread TRACE Gui.ShipPlacementController - Button[id=7,3, styleClass=button waterButton]'' added to "playerGrid"
JavaFX Application Thread TRACE Gui.ShipPlacementController - Button[id=7,4, styleClass=button waterButton]'' added to "playerGrid"
JavaFX Application Thread TRACE Gui.ShipPlacementController - Button[id=7,5, styleClass=button waterButton]'' added to "playerGrid"
JavaFX Application Thread TRACE Gui.ShipPlacementController - Button[id=7,6, styleClass=button waterButton]'' added to "playerGrid"
JavaFX Application Thread TRACE Gui.ShipPlacementController - Button[id=7,7, styleClass=button waterButton]'' added to "playerGrid"
JavaFX Application Thread TRACE Gui.ShipPlacementController - Button[id=7,8, styleClass=button waterButton]'' added to "playerGrid"
JavaFX Application Thread TRACE Gui.ShipPlacementController - Button[id=7,9, styleClass=button waterButton]'' added to "playerGrid"
JavaFX Application Thread TRACE Gui.ShipPlacementController - Button[id=8,1, styleClass=button waterButton]'' added to "playerGrid"
JavaFX Application Thread TRACE Gui.ShipPlacementController - Button[id=8,2, styleClass=button waterButton]'' added to "playerGrid"
JavaFX Application Thread TRACE Gui.ShipPlacementController - Button[id=8,3, styleClass=button waterButton]'' added to "playerGrid"
JavaFX Application Thread TRACE Gui.ShipPlacementController - Button[id=8,4, styleClass=button waterButton]'' added to "playerGrid"
JavaFX Application Thread TRACE Gui.ShipPlacementController - Button[id=8,5, styleClass=button waterButton]'' added to "playerGrid"
JavaFX Application Thread TRACE Gui.ShipPlacementController - Button[id=8,6, styleClass=button waterButton]'' added to "playerGrid"
JavaFX Application Thread TRACE Gui.ShipPlacementController - Button[id=8,7, styleClass=button waterButton]'' added to "playerGrid"
JavaFX Application Thread TRACE Gui.ShipPlacementController - Button[id=8,8, styleClass=button waterButton]'' added to "playerGrid"
JavaFX Application Thread TRACE Gui.ShipPlacementController - Button[id=8,9, styleClass=button waterButton]'' added to "playerGrid"
JavaFX Application Thread TRACE Gui.ShipPlacementController - Button[id=9,1, styleClass=button waterButton]'' added to "playerGrid"
JavaFX Application Thread TRACE Gui.ShipPlacementController - Button[id=9,2, styleClass=button waterButton]'' added to "playerGrid"
JavaFX Application Thread TRACE Gui.ShipPlacementController - Button[id=9,3, styleClass=button waterButton]'' added to "playerGrid"
JavaFX Application Thread TRACE Gui.ShipPlacementController - Button[id=9,4, styleClass=button waterButton]'' added to "playerGrid"
JavaFX Application Thread TRACE Gui.ShipPlacementController - Button[id=9,5, styleClass=button waterButton]'' added to "playerGrid"
JavaFX Application Thread TRACE Gui.ShipPlacementController - Button[id=9,6, styleClass=button waterButton]'' added to "playerGrid"
JavaFX Application Thread TRACE Gui.ShipPlacementController - Button[id=9,7, styleClass=button waterButton]'' added to "playerGrid"
JavaFX Application Thread TRACE Gui.ShipPlacementController - Button[id=9,8, styleClass=button waterButton]'' added to "playerGrid"
JavaFX Application Thread TRACE Gui.ShipPlacementController - Button[id=9,9, styleClass=button waterButton]'' added to "playerGrid"
JavaFX Application Thread INFO  Gui.GuiDriver - Scene created: Ship-Placement
JavaFX Application Thread DEBUG Gui.ShipPlacementController - Button[id=1,1, styleClass=button waterButton]'' clicked.
JavaFX Application Thread DEBUG Gui.ShipPlacementController - Actual length of "shipList" (4) assigned to "shipLength" (4)
JavaFX Application Thread DEBUG sd2.Field - Player placed ship de.hdm_stuttgart.mi.sd2.Ships.Battleship@27c7dd94 at: [1][1], dir(horizontal): true
JavaFX Application Thread DEBUG sd2.Field - de.hdm_stuttgart.mi.sd2.Ships.Battleship@27c7dd94 removed from "shipList".
JavaFX Application Thread DEBUG Gui.ShipPlacementController - Equivalent buttons of placed ship colored. (shipLength: 4, row/col: 1/1, dir(horizontal): true, color: black)
JavaFX Application Thread DEBUG Gui.ShipPlacementController - Actual number of equivalent ship types in "shipList" (2) assigned to "count" by stream.
JavaFX Application Thread DEBUG Gui.ShipPlacementController - Button[id=1,3, styleClass=button waterButton]'' clicked.
JavaFX Application Thread DEBUG Gui.ShipPlacementController - Actual length of "shipList" (3) assigned to "shipLength" (3)
JavaFX Application Thread DEBUG sd2.Field - Player placed ship de.hdm_stuttgart.mi.sd2.Ships.Cruiser@2787ea08 at: [3][1], dir(horizontal): true
JavaFX Application Thread DEBUG sd2.Field - de.hdm_stuttgart.mi.sd2.Ships.Cruiser@2787ea08 removed from "shipList".
JavaFX Application Thread DEBUG Gui.ShipPlacementController - Equivalent buttons of placed ship colored. (shipLength: 3, row/col: 3/1, dir(horizontal): true, color: black)
JavaFX Application Thread DEBUG Gui.ShipPlacementController - Actual number of equivalent ship types in "shipList" (1) assigned to "count" by stream.
JavaFX Application Thread DEBUG Gui.ShipPlacementController - Button[id=1,5, styleClass=button waterButton]'' clicked.
JavaFX Application Thread DEBUG Gui.ShipPlacementController - Actual length of "shipList" (3) assigned to "shipLength" (3)
JavaFX Application Thread DEBUG sd2.Field - Player placed ship de.hdm_stuttgart.mi.sd2.Ships.Cruiser@6ff67aa8 at: [5][1], dir(horizontal): true
JavaFX Application Thread DEBUG sd2.Field - de.hdm_stuttgart.mi.sd2.Ships.Cruiser@6ff67aa8 removed from "shipList".
JavaFX Application Thread DEBUG Gui.ShipPlacementController - Equivalent buttons of placed ship colored. (shipLength: 3, row/col: 5/1, dir(horizontal): true, color: black)
JavaFX Application Thread DEBUG Gui.ShipPlacementController - Actual number of equivalent ship types in "shipList" (2) assigned to "count" by stream.
JavaFX Application Thread DEBUG Gui.ShipPlacementController - Button[id=1,7, styleClass=button waterButton]'' clicked.
JavaFX Application Thread DEBUG Gui.ShipPlacementController - Actual length of "shipList" (2) assigned to "shipLength" (2)
JavaFX Application Thread DEBUG sd2.Field - Player placed ship de.hdm_stuttgart.mi.sd2.Ships.Destroyer@e32203e at: [7][1], dir(horizontal): true
JavaFX Application Thread DEBUG sd2.Field - de.hdm_stuttgart.mi.sd2.Ships.Destroyer@e32203e removed from "shipList".
JavaFX Application Thread DEBUG Gui.ShipPlacementController - Equivalent buttons of placed ship colored. (shipLength: 2, row/col: 7/1, dir(horizontal): true, color: black)
JavaFX Application Thread DEBUG Gui.ShipPlacementController - Actual number of equivalent ship types in "shipList" (1) assigned to "count" by stream.
JavaFX Application Thread DEBUG Gui.ShipPlacementController - Button[id=1,9, styleClass=button waterButton]'' clicked.
JavaFX Application Thread DEBUG Gui.ShipPlacementController - Actual length of "shipList" (2) assigned to "shipLength" (2)
JavaFX Application Thread DEBUG sd2.Field - Player placed ship de.hdm_stuttgart.mi.sd2.Ships.Destroyer@79551e5a at: [9][1], dir(horizontal): true
JavaFX Application Thread DEBUG sd2.Field - de.hdm_stuttgart.mi.sd2.Ships.Destroyer@79551e5a removed from "shipList".
JavaFX Application Thread DEBUG Gui.ShipPlacementController - Equivalent buttons of placed ship colored. (shipLength: 2, row/col: 9/1, dir(horizontal): true, color: black)
JavaFX Application Thread DEBUG Gui.ShipPlacementController - Actual number of equivalent ship types in "shipList" (2) assigned to "count" by stream.
JavaFX Application Thread DEBUG Gui.ShipPlacementController - Button[id=4,9, styleClass=button waterButton]'' clicked.
JavaFX Application Thread DEBUG Gui.ShipPlacementController - Actual length of "shipList" (1) assigned to "shipLength" (1)
JavaFX Application Thread DEBUG sd2.Field - Player placed ship de.hdm_stuttgart.mi.sd2.Ships.Submarine@4bb48a00 at: [9][4], dir(horizontal): true
JavaFX Application Thread DEBUG sd2.Field - de.hdm_stuttgart.mi.sd2.Ships.Submarine@4bb48a00 removed from "shipList".
JavaFX Application Thread DEBUG Gui.ShipPlacementController - Equivalent buttons of placed ship colored. (shipLength: 1, row/col: 9/4, dir(horizontal): true, color: black)
JavaFX Application Thread DEBUG Gui.ShipPlacementController - Actual number of equivalent ship types in "shipList" (1) assigned to "count" by stream.
JavaFX Application Thread DEBUG Gui.ShipPlacementController - Button[id=4,7, styleClass=button waterButton]'' clicked.
JavaFX Application Thread DEBUG Gui.ShipPlacementController - Actual length of "shipList" (1) assigned to "shipLength" (1)
JavaFX Application Thread DEBUG sd2.Field - Player placed ship de.hdm_stuttgart.mi.sd2.Ships.Submarine@2c62ec7f at: [7][4], dir(horizontal): true
JavaFX Application Thread DEBUG sd2.Field - de.hdm_stuttgart.mi.sd2.Ships.Submarine@2c62ec7f removed from "shipList".
JavaFX Application Thread DEBUG Gui.ShipPlacementController - Equivalent buttons of placed ship colored. (shipLength: 1, row/col: 7/4, dir(horizontal): true, color: black)
JavaFX Application Thread DEBUG sd2.Field - Computer placed ship de.hdm_stuttgart.mi.sd2.Ships.Battleship@4c0a2bd7 at: [2][4], dir(horizontal): false
JavaFX Application Thread DEBUG sd2.Field - de.hdm_stuttgart.mi.sd2.Ships.Battleship@4c0a2bd7 removed from "shipListAI".
JavaFX Application Thread DEBUG sd2.Field - Computer placed ship de.hdm_stuttgart.mi.sd2.Ships.Cruiser@30055dc3 at: [7][1], dir(horizontal): true
JavaFX Application Thread DEBUG sd2.Field - de.hdm_stuttgart.mi.sd2.Ships.Cruiser@30055dc3 removed from "shipListAI".
JavaFX Application Thread DEBUG sd2.Field - Computer placed ship de.hdm_stuttgart.mi.sd2.Ships.Cruiser@3c74e1e8 at: [1][6], dir(horizontal): true
JavaFX Application Thread DEBUG sd2.Field - de.hdm_stuttgart.mi.sd2.Ships.Cruiser@3c74e1e8 removed from "shipListAI".
JavaFX Application Thread DEBUG sd2.Field - Computer placed ship de.hdm_stuttgart.mi.sd2.Ships.Destroyer@4a3024cc at: [5][7], dir(horizontal): true
JavaFX Application Thread DEBUG sd2.Field - de.hdm_stuttgart.mi.sd2.Ships.Destroyer@4a3024cc removed from "shipListAI".
JavaFX Application Thread DEBUG sd2.Field - Computer placed ship de.hdm_stuttgart.mi.sd2.Ships.Destroyer@57f9eace at: [1][1], dir(horizontal): false
JavaFX Application Thread DEBUG sd2.Field - de.hdm_stuttgart.mi.sd2.Ships.Destroyer@57f9eace removed from "shipListAI".
JavaFX Application Thread DEBUG sd2.Field - Computer placed ship de.hdm_stuttgart.mi.sd2.Ships.Submarine@4d085eb7 at: [3][7], dir(horizontal): false
JavaFX Application Thread DEBUG sd2.Field - de.hdm_stuttgart.mi.sd2.Ships.Submarine@4d085eb7 removed from "shipListAI".
JavaFX Application Thread DEBUG sd2.Field - Computer placed ship de.hdm_stuttgart.mi.sd2.Ships.Submarine@56e89d5f at: [8][9], dir(horizontal): false
JavaFX Application Thread DEBUG sd2.Field - de.hdm_stuttgart.mi.sd2.Ships.Submarine@56e89d5f removed from "shipListAI".
JavaFX Application Thread INFO  Gui.ShipPlacementController - Ship placement finished. All ships set.
JavaFX Application Thread DEBUG Gui.GuiDriver - Load FXML file: /fxml/BattlePhase.fxml
JavaFX Application Thread TRACE Gui.BattlePhaseController - Label[id=coordinatesB, styleClass=label]'1' added to "playerGrid"
JavaFX Application Thread TRACE Gui.BattlePhaseController - Label[id=coordinatesB, styleClass=label]'1' added to "enemyGrid"
JavaFX Application Thread TRACE Gui.BattlePhaseController - Label[id=coordinatesB, styleClass=label]'2' added to "playerGrid"
JavaFX Application Thread TRACE Gui.BattlePhaseController - Label[id=coordinatesB, styleClass=label]'2' added to "enemyGrid"
JavaFX Application Thread TRACE Gui.BattlePhaseController - Label[id=coordinatesB, styleClass=label]'3' added to "playerGrid"
JavaFX Application Thread TRACE Gui.BattlePhaseController - Label[id=coordinatesB, styleClass=label]'3' added to "enemyGrid"
JavaFX Application Thread TRACE Gui.BattlePhaseController - Label[id=coordinatesB, styleClass=label]'4' added to "playerGrid"
JavaFX Application Thread TRACE Gui.BattlePhaseController - Label[id=coordinatesB, styleClass=label]'4' added to "enemyGrid"
JavaFX Application Thread TRACE Gui.BattlePhaseController - Label[id=coordinatesB, styleClass=label]'5' added to "playerGrid"
JavaFX Application Thread TRACE Gui.BattlePhaseController - Label[id=coordinatesB, styleClass=label]'5' added to "enemyGrid"
JavaFX Application Thread TRACE Gui.BattlePhaseController - Label[id=coordinatesB, styleClass=label]'6' added to "playerGrid"
JavaFX Application Thread TRACE Gui.BattlePhaseController - Label[id=coordinatesB, styleClass=label]'6' added to "enemyGrid"
JavaFX Application Thread TRACE Gui.BattlePhaseController - Label[id=coordinatesB, styleClass=label]'7' added to "playerGrid"
JavaFX Application Thread TRACE Gui.BattlePhaseController - Label[id=coordinatesB, styleClass=label]'7' added to "enemyGrid"
JavaFX Application Thread TRACE Gui.BattlePhaseController - Label[id=coordinatesB, styleClass=label]'8' added to "playerGrid"
JavaFX Application Thread TRACE Gui.BattlePhaseController - Label[id=coordinatesB, styleClass=label]'8' added to "enemyGrid"
JavaFX Application Thread TRACE Gui.BattlePhaseController - Label[id=coordinatesB, styleClass=label]'9' added to "playerGrid"
JavaFX Application Thread TRACE Gui.BattlePhaseController - Label[id=coordinatesB, styleClass=label]'9' added to "enemyGrid"
JavaFX Application Thread TRACE Gui.BattlePhaseController - Label[id=coordinatesB, styleClass=label]'1' added to "playerGrid"
JavaFX Application Thread TRACE Gui.BattlePhaseController - Label[id=coordinatesB, styleClass=label]'1' added to "enemyGrid"
JavaFX Application Thread TRACE Gui.BattlePhaseController - Label[id=coordinatesB, styleClass=label]'2' added to "playerGrid"
JavaFX Application Thread TRACE Gui.BattlePhaseController - Label[id=coordinatesB, styleClass=label]'2' added to "enemyGrid"
JavaFX Application Thread TRACE Gui.BattlePhaseController - Label[id=coordinatesB, styleClass=label]'3' added to "playerGrid"
JavaFX Application Thread TRACE Gui.BattlePhaseController - Label[id=coordinatesB, styleClass=label]'3' added to "enemyGrid"
JavaFX Application Thread TRACE Gui.BattlePhaseController - Label[id=coordinatesB, styleClass=label]'4' added to "playerGrid"
JavaFX Application Thread TRACE Gui.BattlePhaseController - Label[id=coordinatesB, styleClass=label]'4' added to "enemyGrid"
JavaFX Application Thread TRACE Gui.BattlePhaseController - Label[id=coordinatesB, styleClass=label]'5' added to "playerGrid"
JavaFX Application Thread TRACE Gui.BattlePhaseController - Label[id=coordinatesB, styleClass=label]'5' added to "enemyGrid"
JavaFX Application Thread TRACE Gui.BattlePhaseController - Label[id=coordinatesB, styleClass=label]'6' added to "playerGrid"
JavaFX Application Thread TRACE Gui.BattlePhaseController - Label[id=coordinatesB, styleClass=label]'6' added to "enemyGrid"
JavaFX Application Thread TRACE Gui.BattlePhaseController - Label[id=coordinatesB, styleClass=label]'7' added to "playerGrid"
JavaFX Application Thread TRACE Gui.BattlePhaseController - Label[id=coordinatesB, styleClass=label]'7' added to "enemyGrid"
JavaFX Application Thread TRACE Gui.BattlePhaseController - Label[id=coordinatesB, styleClass=label]'8' added to "playerGrid"
JavaFX Application Thread TRACE Gui.BattlePhaseController - Label[id=coordinatesB, styleClass=label]'8' added to "enemyGrid"
JavaFX Application Thread TRACE Gui.BattlePhaseController - Label[id=coordinatesB, styleClass=label]'9' added to "playerGrid"
JavaFX Application Thread TRACE Gui.BattlePhaseController - Label[id=coordinatesB, styleClass=label]'9' added to "enemyGrid"
JavaFX Application Thread TRACE Gui.BattlePhaseController - Button[id=1, 1, styleClass=button waterButton]'' added to "playerGrid"
JavaFX Application Thread TRACE Gui.BattlePhaseController - Button[id=1, 1, styleClass=button waterButton]'' added to "enemyGrid"
JavaFX Application Thread TRACE Gui.BattlePhaseController - Button[id=1, 2, styleClass=button waterButton]'' added to "playerGrid"
JavaFX Application Thread TRACE Gui.BattlePhaseController - Button[id=1, 2, styleClass=button waterButton]'' added to "enemyGrid"
JavaFX Application Thread TRACE Gui.BattlePhaseController - Button[id=1, 3, styleClass=button waterButton]'' added to "playerGrid"
JavaFX Application Thread TRACE Gui.BattlePhaseController - Button[id=1, 3, styleClass=button waterButton]'' added to "enemyGrid"
JavaFX Application Thread TRACE Gui.BattlePhaseController - Button[id=1, 4, styleClass=button waterButton]'' added to "playerGrid"
JavaFX Application Thread TRACE Gui.BattlePhaseController - Button[id=1, 4, styleClass=button waterButton]'' added to "enemyGrid"
JavaFX Application Thread TRACE Gui.BattlePhaseController - Button[id=1, 5, styleClass=button waterButton]'' added to "playerGrid"
JavaFX Application Thread TRACE Gui.BattlePhaseController - Button[id=1, 5, styleClass=button waterButton]'' added to "enemyGrid"
JavaFX Application Thread TRACE Gui.BattlePhaseController - Button[id=1, 6, styleClass=button waterButton]'' added to "playerGrid"
JavaFX Application Thread TRACE Gui.BattlePhaseController - Button[id=1, 6, styleClass=button waterButton]'' added to "enemyGrid"
JavaFX Application Thread TRACE Gui.BattlePhaseController - Button[id=1, 7, styleClass=button waterButton]'' added to "playerGrid"
JavaFX Application Thread TRACE Gui.BattlePhaseController - Button[id=1, 7, styleClass=button waterButton]'' added to "enemyGrid"
JavaFX Application Thread TRACE Gui.BattlePhaseController - Button[id=1, 8, styleClass=button waterButton]'' added to "playerGrid"
JavaFX Application Thread TRACE Gui.BattlePhaseController - Button[id=1, 8, styleClass=button waterButton]'' added to "enemyGrid"
JavaFX Application Thread TRACE Gui.BattlePhaseController - Button[id=1, 9, styleClass=button waterButton]'' added to "playerGrid"
JavaFX Application Thread TRACE Gui.BattlePhaseController - Button[id=1, 9, styleClass=button waterButton]'' added to "enemyGrid"
JavaFX Application Thread TRACE Gui.BattlePhaseController - Button[id=2, 1, styleClass=button waterButton]'' added to "playerGrid"
JavaFX Application Thread TRACE Gui.BattlePhaseController - Button[id=2, 1, styleClass=button waterButton]'' added to "enemyGrid"
JavaFX Application Thread TRACE Gui.BattlePhaseController - Button[id=2, 2, styleClass=button waterButton]'' added to "playerGrid"
JavaFX Application Thread TRACE Gui.BattlePhaseController - Button[id=2, 2, styleClass=button waterButton]'' added to "enemyGrid"
JavaFX Application Thread TRACE Gui.BattlePhaseController - Button[id=2, 3, styleClass=button waterButton]'' added to "playerGrid"
JavaFX Application Thread TRACE Gui.BattlePhaseController - Button[id=2, 3, styleClass=button waterButton]'' added to "enemyGrid"
JavaFX Application Thread TRACE Gui.BattlePhaseController - Button[id=2, 4, styleClass=button waterButton]'' added to "playerGrid"
JavaFX Application Thread TRACE Gui.BattlePhaseController - Button[id=2, 4, styleClass=button waterButton]'' added to "enemyGrid"
JavaFX Application Thread TRACE Gui.BattlePhaseController - Button[id=2, 5, styleClass=button waterButton]'' added to "playerGrid"
JavaFX Application Thread TRACE Gui.BattlePhaseController - Button[id=2, 5, styleClass=button waterButton]'' added to "enemyGrid"
JavaFX Application Thread TRACE Gui.BattlePhaseController - Button[id=2, 6, styleClass=button waterButton]'' added to "playerGrid"
JavaFX Application Thread TRACE Gui.BattlePhaseController - Button[id=2, 6, styleClass=button waterButton]'' added to "enemyGrid"
JavaFX Application Thread TRACE Gui.BattlePhaseController - Button[id=2, 7, styleClass=button waterButton]'' added to "playerGrid"
JavaFX Application Thread TRACE Gui.BattlePhaseController - Button[id=2, 7, styleClass=button waterButton]'' added to "enemyGrid"
JavaFX Application Thread TRACE Gui.BattlePhaseController - Button[id=2, 8, styleClass=button waterButton]'' added to "playerGrid"
JavaFX Application Thread TRACE Gui.BattlePhaseController - Button[id=2, 8, styleClass=button waterButton]'' added to "enemyGrid"
JavaFX Application Thread TRACE Gui.BattlePhaseController - Button[id=2, 9, styleClass=button waterButton]'' added to "playerGrid"
JavaFX Application Thread TRACE Gui.BattlePhaseController - Button[id=2, 9, styleClass=button waterButton]'' added to "enemyGrid"
JavaFX Application Thread TRACE Gui.BattlePhaseController - Button[id=3, 1, styleClass=button waterButton]'' added to "playerGrid"
JavaFX Application Thread TRACE Gui.BattlePhaseController - Button[id=3, 1, styleClass=button waterButton]'' added to "enemyGrid"
JavaFX Application Thread TRACE Gui.BattlePhaseController - Button[id=3, 2, styleClass=button waterButton]'' added to "playerGrid"
JavaFX Application Thread TRACE Gui.BattlePhaseController - Button[id=3, 2, styleClass=button waterButton]'' added to "enemyGrid"
JavaFX Application Thread TRACE Gui.BattlePhaseController - Button[id=3, 3, styleClass=button waterButton]'' added to "playerGrid"
JavaFX Application Thread TRACE Gui.BattlePhaseController - Button[id=3, 3, styleClass=button waterButton]'' added to "enemyGrid"
JavaFX Application Thread TRACE Gui.BattlePhaseController - Button[id=3, 4, styleClass=button waterButton]'' added to "playerGrid"
JavaFX Application Thread TRACE Gui.BattlePhaseController - Button[id=3, 4, styleClass=button waterButton]'' added to "enemyGrid"
JavaFX Application Thread TRACE Gui.BattlePhaseController - Button[id=3, 5, styleClass=button waterButton]'' added to "playerGrid"
JavaFX Application Thread TRACE Gui.BattlePhaseController - Button[id=3, 5, styleClass=button waterButton]'' added to "enemyGrid"
JavaFX Application Thread TRACE Gui.BattlePhaseController - Button[id=3, 6, styleClass=button waterButton]'' added to "playerGrid"
JavaFX Application Thread TRACE Gui.BattlePhaseController - Button[id=3, 6, styleClass=button waterButton]'' added to "enemyGrid"
JavaFX Application Thread TRACE Gui.BattlePhaseController - Button[id=3, 7, styleClass=button waterButton]'' added to "playerGrid"
JavaFX Application Thread TRACE Gui.BattlePhaseController - Button[id=3, 7, styleClass=button waterButton]'' added to "enemyGrid"
JavaFX Application Thread TRACE Gui.BattlePhaseController - Button[id=3, 8, styleClass=button waterButton]'' added to "playerGrid"
JavaFX Application Thread TRACE Gui.BattlePhaseController - Button[id=3, 8, styleClass=button waterButton]'' added to "enemyGrid"
JavaFX Application Thread TRACE Gui.BattlePhaseController - Button[id=3, 9, styleClass=button waterButton]'' added to "playerGrid"
JavaFX Application Thread TRACE Gui.BattlePhaseController - Button[id=3, 9, styleClass=button waterButton]'' added to "enemyGrid"
JavaFX Application Thread TRACE Gui.BattlePhaseController - Button[id=4, 1, styleClass=button waterButton]'' added to "playerGrid"
JavaFX Application Thread TRACE Gui.BattlePhaseController - Button[id=4, 1, styleClass=button waterButton]'' added to "enemyGrid"
JavaFX Application Thread TRACE Gui.BattlePhaseController - Button[id=4, 2, styleClass=button waterButton]'' added to "playerGrid"
JavaFX Application Thread TRACE Gui.BattlePhaseController - Button[id=4, 2, styleClass=button waterButton]'' added to "enemyGrid"
JavaFX Application Thread TRACE Gui.BattlePhaseController - Button[id=4, 3, styleClass=button waterButton]'' added to "playerGrid"
JavaFX Application Thread TRACE Gui.BattlePhaseController - Button[id=4, 3, styleClass=button waterButton]'' added to "enemyGrid"
JavaFX Application Thread TRACE Gui.BattlePhaseController - Button[id=4, 4, styleClass=button waterButton]'' added to "playerGrid"
JavaFX Application Thread TRACE Gui.BattlePhaseController - Button[id=4, 4, styleClass=button waterButton]'' added to "enemyGrid"
JavaFX Application Thread TRACE Gui.BattlePhaseController - Button[id=4, 5, styleClass=button waterButton]'' added to "playerGrid"
JavaFX Application Thread TRACE Gui.BattlePhaseController - Button[id=4, 5, styleClass=button waterButton]'' added to "enemyGrid"
JavaFX Application Thread TRACE Gui.BattlePhaseController - Button[id=4, 6, styleClass=button waterButton]'' added to "playerGrid"
JavaFX Application Thread TRACE Gui.BattlePhaseController - Button[id=4, 6, styleClass=button waterButton]'' added to "enemyGrid"
JavaFX Application Thread TRACE Gui.BattlePhaseController - Button[id=4, 7, styleClass=button waterButton]'' added to "playerGrid"
JavaFX Application Thread TRACE Gui.BattlePhaseController - Button[id=4, 7, styleClass=button waterButton]'' added to "enemyGrid"
JavaFX Application Thread TRACE Gui.BattlePhaseController - Button[id=4, 8, styleClass=button waterButton]'' added to "playerGrid"
JavaFX Application Thread TRACE Gui.BattlePhaseController - Button[id=4, 8, styleClass=button waterButton]'' added to "enemyGrid"
JavaFX Application Thread TRACE Gui.BattlePhaseController - Button[id=4, 9, styleClass=button waterButton]'' added to "playerGrid"
JavaFX Application Thread TRACE Gui.BattlePhaseController - Button[id=4, 9, styleClass=button waterButton]'' added to "enemyGrid"
JavaFX Application Thread TRACE Gui.BattlePhaseController - Button[id=5, 1, styleClass=button waterButton]'' added to "playerGrid"
JavaFX Application Thread TRACE Gui.BattlePhaseController - Button[id=5, 1, styleClass=button waterButton]'' added to "enemyGrid"
JavaFX Application Thread TRACE Gui.BattlePhaseController - Button[id=5, 2, styleClass=button waterButton]'' added to "playerGrid"
JavaFX Application Thread TRACE Gui.BattlePhaseController - Button[id=5, 2, styleClass=button waterButton]'' added to "enemyGrid"
JavaFX Application Thread TRACE Gui.BattlePhaseController - Button[id=5, 3, styleClass=button waterButton]'' added to "playerGrid"
JavaFX Application Thread TRACE Gui.BattlePhaseController - Button[id=5, 3, styleClass=button waterButton]'' added to "enemyGrid"
JavaFX Application Thread TRACE Gui.BattlePhaseController - Button[id=5, 4, styleClass=button waterButton]'' added to "playerGrid"
JavaFX Application Thread TRACE Gui.BattlePhaseController - Button[id=5, 4, styleClass=button waterButton]'' added to "enemyGrid"
JavaFX Application Thread TRACE Gui.BattlePhaseController - Button[id=5, 5, styleClass=button waterButton]'' added to "playerGrid"
JavaFX Application Thread TRACE Gui.BattlePhaseController - Button[id=5, 5, styleClass=button waterButton]'' added to "enemyGrid"
JavaFX Application Thread TRACE Gui.BattlePhaseController - Button[id=5, 6, styleClass=button waterButton]'' added to "playerGrid"
JavaFX Application Thread TRACE Gui.BattlePhaseController - Button[id=5, 6, styleClass=button waterButton]'' added to "enemyGrid"
JavaFX Application Thread TRACE Gui.BattlePhaseController - Button[id=5, 7, styleClass=button waterButton]'' added to "playerGrid"
JavaFX Application Thread TRACE Gui.BattlePhaseController - Button[id=5, 7, styleClass=button waterButton]'' added to "enemyGrid"
JavaFX Application Thread TRACE Gui.BattlePhaseController - Button[id=5, 8, styleClass=button waterButton]'' added to "playerGrid"
JavaFX Application Thread TRACE Gui.BattlePhaseController - Button[id=5, 8, styleClass=button waterButton]'' added to "enemyGrid"
JavaFX Application Thread TRACE Gui.BattlePhaseController - Button[id=5, 9, styleClass=button waterButton]'' added to "playerGrid"
JavaFX Application Thread TRACE Gui.BattlePhaseController - Button[id=5, 9, styleClass=button waterButton]'' added to "enemyGrid"
JavaFX Application Thread TRACE Gui.BattlePhaseController - Button[id=6, 1, styleClass=button waterButton]'' added to "playerGrid"
JavaFX Application Thread TRACE Gui.BattlePhaseController - Button[id=6, 1, styleClass=button waterButton]'' added to "enemyGrid"
JavaFX Application Thread TRACE Gui.BattlePhaseController - Button[id=6, 2, styleClass=button waterButton]'' added to "playerGrid"
JavaFX Application Thread TRACE Gui.BattlePhaseController - Button[id=6, 2, styleClass=button waterButton]'' added to "enemyGrid"
JavaFX Application Thread TRACE Gui.BattlePhaseController - Button[id=6, 3, styleClass=button waterButton]'' added to "playerGrid"
JavaFX Application Thread TRACE Gui.BattlePhaseController - Button[id=6, 3, styleClass=button waterButton]'' added to "enemyGrid"
JavaFX Application Thread TRACE Gui.BattlePhaseController - Button[id=6, 4, styleClass=button waterButton]'' added to "playerGrid"
JavaFX Application Thread TRACE Gui.BattlePhaseController - Button[id=6, 4, styleClass=button waterButton]'' added to "enemyGrid"
JavaFX Application Thread TRACE Gui.BattlePhaseController - Button[id=6, 5, styleClass=button waterButton]'' added to "playerGrid"
JavaFX Application Thread TRACE Gui.BattlePhaseController - Button[id=6, 5, styleClass=button waterButton]'' added to "enemyGrid"
JavaFX Application Thread TRACE Gui.BattlePhaseController - Button[id=6, 6, styleClass=button waterButton]'' added to "playerGrid"
JavaFX Application Thread TRACE Gui.BattlePhaseController - Button[id=6, 6, styleClass=button waterButton]'' added to "enemyGrid"
JavaFX Application Thread TRACE Gui.BattlePhaseController - Button[id=6, 7, styleClass=button waterButton]'' added to "playerGrid"
JavaFX Application Thread TRACE Gui.BattlePhaseController - Button[id=6, 7, styleClass=button waterButton]'' added to "enemyGrid"
JavaFX Application Thread TRACE Gui.BattlePhaseController - Button[id=6, 8, styleClass=button waterButton]'' added to "playerGrid"
JavaFX Application Thread TRACE Gui.BattlePhaseController - Button[id=6, 8, styleClass=button waterButton]'' added to "enemyGrid"
JavaFX Application Thread TRACE Gui.BattlePhaseController - Button[id=6, 9, styleClass=button waterButton]'' added to "playerGrid"
JavaFX Application Thread TRACE Gui.BattlePhaseController - Button[id=6, 9, styleClass=button waterButton]'' added to "enemyGrid"
JavaFX Application Thread TRACE Gui.BattlePhaseController - Button[id=7, 1, styleClass=button waterButton]'' added to "playerGrid"
JavaFX Application Thread TRACE Gui.BattlePhaseController - Button[id=7, 1, styleClass=button waterButton]'' added to "enemyGrid"
JavaFX Application Thread TRACE Gui.BattlePhaseController - Button[id=7, 2, styleClass=button waterButton]'' added to "playerGrid"
JavaFX Application Thread TRACE Gui.BattlePhaseController - Button[id=7, 2, styleClass=button waterButton]'' added to "enemyGrid"
JavaFX Application Thread TRACE Gui.BattlePhaseController - Button[id=7, 3, styleClass=button waterButton]'' added to "playerGrid"
JavaFX Application Thread TRACE Gui.BattlePhaseController - Button[id=7, 3, styleClass=button waterButton]'' added to "enemyGrid"
JavaFX Application Thread TRACE Gui.BattlePhaseController - Button[id=7, 4, styleClass=button waterButton]'' added to "playerGrid"
JavaFX Application Thread TRACE Gui.BattlePhaseController - Button[id=7, 4, styleClass=button waterButton]'' added to "enemyGrid"
JavaFX Application Thread TRACE Gui.BattlePhaseController - Button[id=7, 5, styleClass=button waterButton]'' added to "playerGrid"
JavaFX Application Thread TRACE Gui.BattlePhaseController - Button[id=7, 5, styleClass=button waterButton]'' added to "enemyGrid"
JavaFX Application Thread TRACE Gui.BattlePhaseController - Button[id=7, 6, styleClass=button waterButton]'' added to "playerGrid"
JavaFX Application Thread TRACE Gui.BattlePhaseController - Button[id=7, 6, styleClass=button waterButton]'' added to "enemyGrid"
JavaFX Application Thread TRACE Gui.BattlePhaseController - Button[id=7, 7, styleClass=button waterButton]'' added to "playerGrid"
JavaFX Application Thread TRACE Gui.BattlePhaseController - Button[id=7, 7, styleClass=button waterButton]'' added to "enemyGrid"
JavaFX Application Thread TRACE Gui.BattlePhaseController - Button[id=7, 8, styleClass=button waterButton]'' added to "playerGrid"
JavaFX Application Thread TRACE Gui.BattlePhaseController - Button[id=7, 8, styleClass=button waterButton]'' added to "enemyGrid"
JavaFX Application Thread TRACE Gui.BattlePhaseController - Button[id=7, 9, styleClass=button waterButton]'' added to "playerGrid"
JavaFX Application Thread TRACE Gui.BattlePhaseController - Button[id=7, 9, styleClass=button waterButton]'' added to "enemyGrid"
JavaFX Application Thread TRACE Gui.BattlePhaseController - Button[id=8, 1, styleClass=button waterButton]'' added to "playerGrid"
JavaFX Application Thread TRACE Gui.BattlePhaseController - Button[id=8, 1, styleClass=button waterButton]'' added to "enemyGrid"
JavaFX Application Thread TRACE Gui.BattlePhaseController - Button[id=8, 2, styleClass=button waterButton]'' added to "playerGrid"
JavaFX Application Thread TRACE Gui.BattlePhaseController - Button[id=8, 2, styleClass=button waterButton]'' added to "enemyGrid"
JavaFX Application Thread TRACE Gui.BattlePhaseController - Button[id=8, 3, styleClass=button waterButton]'' added to "playerGrid"
JavaFX Application Thread TRACE Gui.BattlePhaseController - Button[id=8, 3, styleClass=button waterButton]'' added to "enemyGrid"
JavaFX Application Thread TRACE Gui.BattlePhaseController - Button[id=8, 4, styleClass=button waterButton]'' added to "playerGrid"
JavaFX Application Thread TRACE Gui.BattlePhaseController - Button[id=8, 4, styleClass=button waterButton]'' added to "enemyGrid"
JavaFX Application Thread TRACE Gui.BattlePhaseController - Button[id=8, 5, styleClass=button waterButton]'' added to "playerGrid"
JavaFX Application Thread TRACE Gui.BattlePhaseController - Button[id=8, 5, styleClass=button waterButton]'' added to "enemyGrid"
JavaFX Application Thread TRACE Gui.BattlePhaseController - Button[id=8, 6, styleClass=button waterButton]'' added to "playerGrid"
JavaFX Application Thread TRACE Gui.BattlePhaseController - Button[id=8, 6, styleClass=button waterButton]'' added to "enemyGrid"
JavaFX Application Thread TRACE Gui.BattlePhaseController - Button[id=8, 7, styleClass=button waterButton]'' added to "playerGrid"
JavaFX Application Thread TRACE Gui.BattlePhaseController - Button[id=8, 7, styleClass=button waterButton]'' added to "enemyGrid"
JavaFX Application Thread TRACE Gui.BattlePhaseController - Button[id=8, 8, styleClass=button waterButton]'' added to "playerGrid"
JavaFX Application Thread TRACE Gui.BattlePhaseController - Button[id=8, 8, styleClass=button waterButton]'' added to "enemyGrid"
JavaFX Application Thread TRACE Gui.BattlePhaseController - Button[id=8, 9, styleClass=button waterButton]'' added to "playerGrid"
JavaFX Application Thread TRACE Gui.BattlePhaseController - Button[id=8, 9, styleClass=button waterButton]'' added to "enemyGrid"
JavaFX Application Thread TRACE Gui.BattlePhaseController - Button[id=9, 1, styleClass=button waterButton]'' added to "playerGrid"
JavaFX Application Thread TRACE Gui.BattlePhaseController - Button[id=9, 1, styleClass=button waterButton]'' added to "enemyGrid"
JavaFX Application Thread TRACE Gui.BattlePhaseController - Button[id=9, 2, styleClass=button waterButton]'' added to "playerGrid"
JavaFX Application Thread TRACE Gui.BattlePhaseController - Button[id=9, 2, styleClass=button waterButton]'' added to "enemyGrid"
JavaFX Application Thread TRACE Gui.BattlePhaseController - Button[id=9, 3, styleClass=button waterButton]'' added to "playerGrid"
JavaFX Application Thread TRACE Gui.BattlePhaseController - Button[id=9, 3, styleClass=button waterButton]'' added to "enemyGrid"
JavaFX Application Thread TRACE Gui.BattlePhaseController - Button[id=9, 4, styleClass=button waterButton]'' added to "playerGrid"
JavaFX Application Thread TRACE Gui.BattlePhaseController - Button[id=9, 4, styleClass=button waterButton]'' added to "enemyGrid"
JavaFX Application Thread TRACE Gui.BattlePhaseController - Button[id=9, 5, styleClass=button waterButton]'' added to "playerGrid"
JavaFX Application Thread TRACE Gui.BattlePhaseController - Button[id=9, 5, styleClass=button waterButton]'' added to "enemyGrid"
JavaFX Application Thread TRACE Gui.BattlePhaseController - Button[id=9, 6, styleClass=button waterButton]'' added to "playerGrid"
JavaFX Application Thread TRACE Gui.BattlePhaseController - Button[id=9, 6, styleClass=button waterButton]'' added to "enemyGrid"
JavaFX Application Thread TRACE Gui.BattlePhaseController - Button[id=9, 7, styleClass=button waterButton]'' added to "playerGrid"
JavaFX Application Thread TRACE Gui.BattlePhaseController - Button[id=9, 7, styleClass=button waterButton]'' added to "enemyGrid"
JavaFX Application Thread TRACE Gui.BattlePhaseController - Button[id=9, 8, styleClass=button waterButton]'' added to "playerGrid"
JavaFX Application Thread TRACE Gui.BattlePhaseController - Button[id=9, 8, styleClass=button waterButton]'' added to "enemyGrid"
JavaFX Application Thread TRACE Gui.BattlePhaseController - Button[id=9, 9, styleClass=button waterButton]'' added to "playerGrid"
JavaFX Application Thread TRACE Gui.BattlePhaseController - Button[id=9, 9, styleClass=button waterButton]'' added to "enemyGrid"
JavaFX Application Thread DEBUG Gui.BattlePhaseController - Coloring placed ships from ship-placement-scene
JavaFX Application Thread INFO  Gui.GuiDriver - Scene created: Battle-Phase
JavaFX Application Thread DEBUG Gui.BattlePhaseController - Player hit a ship at [1][1] (Status: -100)
JavaFX Application Thread DEBUG Gui.BattlePhaseController - Player hit a ship at [2][1] (Status: -100)
JavaFX Application Thread DEBUG Gui.BattlePhaseController - Player destroyed a ship by shooting at [2][1] (Status: -100)
JavaFX Application Thread DEBUG Gui.BattlePhaseController - Player destroyed an enemies ship. "computerFleet" reduced by 1 -> New state: 6
JavaFX Application Thread DEBUG Gui.BattlePhaseController - Player shot at [3][1] (Status: 0)
JavaFX Application Thread INFO  Gui.BattlePhaseController - Computer's attack phase
JavaFX Application Thread DEBUG Gui.BattlePhaseController - Computer missed! Position: [9][9] (Status: 0) Shots this round: 0
JavaFX Application Thread INFO  Gui.BattlePhaseController - Players turn to attack!
JavaFX Application Thread DEBUG Gui.BattlePhaseController - Player shot at [3][5] (Status: 0)
JavaFX Application Thread INFO  Gui.BattlePhaseController - Computer's attack phase
JavaFX Application Thread DEBUG Gui.BattlePhaseController - Computer missed! Position: [9][5] (Status: 0) Shots this round: 0
JavaFX Application Thread INFO  Gui.BattlePhaseController - Players turn to attack!
JavaFX Application Thread DEBUG Gui.BattlePhaseController - Player shot at [5][5] (Status: 0)
JavaFX Application Thread INFO  Gui.BattlePhaseController - Computer's attack phase
JavaFX Application Thread DEBUG Gui.BattlePhaseController - Computer missed! Position: [6][4] (Status: 0) Shots this round: 0
JavaFX Application Thread INFO  Gui.BattlePhaseController - Players turn to attack!
JavaFX Application Thread DEBUG Gui.BattlePhaseController - Player shot at [7][5] (Status: 0)
JavaFX Application Thread INFO  Gui.BattlePhaseController - Computer's attack phase
JavaFX Application Thread DEBUG Gui.BattlePhaseController - Computer missed! Position: [3][7] (Status: 0) Shots this round: 0
JavaFX Application Thread INFO  Gui.BattlePhaseController - Players turn to attack!
JavaFX Application Thread DEBUG Gui.BattlePhaseController - Player shot at [2][7] (Status: 0)
JavaFX Application Thread INFO  Gui.BattlePhaseController - Computer's attack phase
JavaFX Application Thread DEBUG Gui.BattlePhaseController - Computer missed! Position: [4][4] (Status: 0) Shots this round: 0
JavaFX Application Thread INFO  Gui.BattlePhaseController - Players turn to attack!
JavaFX Application Thread DEBUG Gui.BattlePhaseController - Player hit a ship at [7][2] (Status: -100)
JavaFX Application Thread DEBUG Gui.BattlePhaseController - Player shot at [8][2] (Status: 0)
JavaFX Application Thread INFO  Gui.BattlePhaseController - Computer's attack phase
JavaFX Application Thread DEBUG Gui.BattlePhaseController - Computer has already shot at [6][4] (Status: -99) and shoots again.
JavaFX Application Thread DEBUG Gui.BattlePhaseController - Computer has already shot at [9][9] (Status: -99) and shoots again.
JavaFX Application Thread DEBUG Gui.BattlePhaseController - Computer missed! Position: [1][6] (Status: 0) Shots this round: 0
JavaFX Application Thread INFO  Gui.BattlePhaseController - Players turn to attack!
JavaFX Application Thread DEBUG Gui.BattlePhaseController - Player shot at [6][2] (Status: 0)
JavaFX Application Thread INFO  Gui.BattlePhaseController - Computer's attack phase
JavaFX Application Thread DEBUG Gui.BattlePhaseController - Computer missed! Position: [4][8] (Status: 0) Shots this round: 0
JavaFX Application Thread INFO  Gui.BattlePhaseController - Players turn to attack!
JavaFX Application Thread DEBUG Gui.BattlePhaseController - Player hit a ship at [7][1] (Status: -100)
JavaFX Application Thread DEBUG Gui.BattlePhaseController - Player hit a ship at [7][3] (Status: -100)
JavaFX Application Thread DEBUG Gui.BattlePhaseController - Player destroyed a ship by shooting at [7][3] (Status: -100)
JavaFX Application Thread DEBUG Gui.BattlePhaseController - Player destroyed an enemies ship. "computerFleet" reduced by 1 -> New state: 5
JavaFX Application Thread DEBUG Gui.BattlePhaseController - Player shot at [7][4] (Status: 0)
JavaFX Application Thread INFO  Gui.BattlePhaseController - Computer's attack phase
JavaFX Application Thread DEBUG Gui.BattlePhaseController - Computer missed! Position: [2][1] (Status: 0) Shots this round: 0
JavaFX Application Thread INFO  Gui.BattlePhaseController - Players turn to attack!
JavaFX Application Thread DEBUG Gui.BattlePhaseController - Player shot at [7][7] (Status: 0)
JavaFX Application Thread INFO  Gui.BattlePhaseController - Computer's attack phase
JavaFX Application Thread DEBUG Gui.BattlePhaseController - Computer missed! Position: [5][6] (Status: 0) Shots this round: 0
JavaFX Application Thread INFO  Gui.BattlePhaseController - Players turn to attack!
JavaFX Application Thread DEBUG Gui.BattlePhaseController - Player hit a ship at [5][8] (Status: -100)
JavaFX Application Thread DEBUG Gui.BattlePhaseController - Player hit a ship at [5][7] (Status: -100)
JavaFX Application Thread DEBUG Gui.BattlePhaseController - Player destroyed a ship by shooting at [5][7] (Status: -100)
JavaFX Application Thread DEBUG Gui.BattlePhaseController - Player destroyed an enemies ship. "computerFleet" reduced by 1 -> New state: 4
JavaFX Application Thread DEBUG Gui.BattlePhaseController - Player shot at [5][6] (Status: 0)
JavaFX Application Thread INFO  Gui.BattlePhaseController - Computer's attack phase
JavaFX Application Thread DEBUG Gui.BattlePhaseController - Computer missed! Position: [2][4] (Status: 0) Shots this round: 0
JavaFX Application Thread INFO  Gui.BattlePhaseController - Players turn to attack!
main INFO  Gui.GuiDriver - Application closed
